This file contains any messages produced by compilers while
running configure, to aid debugging if configure makes a mistake.

configure:543: checking whether make sets ${MAKE}
configure:572: checking for gcc
configure:649: checking whether the C compiler (gcc  ) works
configure:663: gcc -o conftest    conftest.c  1>&5
configure:683: checking whether the C compiler (gcc  ) is a cross-compiler
configure:688: checking whether we are using GNU C
configure:697: gcc -E conftest.c
configure:712: checking whether gcc accepts -g
configure:769: checking for a BSD compatible install
configure:821: checking for ranlib
configure:848: checking whether ln -s works
configure:870: checking how to run the C preprocessor
configure:891: gcc -E  conftest.c >/dev/null 2>conftest.out
configure:932: checking whether gcc needs -traditional
configure:957:20: error: termio.h: No such file or directory
configure:980: checking for ANSI C header files
configure:993: gcc -E  conftest.c >/dev/null 2>conftest.out
configure:1060: gcc -o conftest -g -O2   conftest.c  1>&5
configure: In function 'main':
configure:1055: warning: incompatible implicit declaration of built-in function 'exit'
configure:1087: checking for unistd.h
configure:1097: gcc -E  conftest.c >/dev/null 2>conftest.out
configure:1087: checking for fcntl.h
configure:1097: gcc -E  conftest.c >/dev/null 2>conftest.out
configure:1126: checking for size_t
configure:1159: checking whether struct tm is in sys/time.h or time.h
configure:1172: gcc -c -g -O2  conftest.c 1>&5
configure:1194: checking for working const
configure:1248: gcc -c -g -O2  conftest.c 1>&5
configure:1271: checking for 8-bit clean memcmp
configure:1289: gcc -o conftest -g -O2   conftest.c  1>&5
configure: In function 'main':
configure:1284: warning: incompatible implicit declaration of built-in function 'exit'
configure:1309: checking for mktime
configure:1337: gcc -o conftest -g -O2   conftest.c  1>&5
